<?xml version="1.0" encoding="UTF-8"?>
<!-- Generated by org.testng.reporters.JUnitReportReporter -->
<testsuite hostname="USMUMAWANGA11" failures="0" tests="1" name="com.test.testcases.ProductTest" time="24.657" errors="0" timestamp="2024-04-27T02:33:58 IST" skipped="0">
  <testcase classname="com.test.testcases.ProductTest" name="verifyTAndCText" time="24.657"/>
</testsuite> <!-- com.test.testcases.ProductTest -->
